[23:14:48] [main/INFO]: Setting user: Player897
[23:14:49] [Client thread/INFO]: LWJGL Version: 2.9.1
[23:14:50] [Client thread/ERROR]: Couldn't initialize twitch stream
[23:14:55] [Client thread/INFO]: Reloading ResourceManager: Default, FMLFileResourcePack:Forge Mod Loader, FMLFileResourcePack:Minecraft Forge, FMLFileResourcePack:BoomPlus, FMLFileResourcePack:Ores+
[23:14:55] [Client thread/WARN]: ResourcePack: ignored non-lowercase namespace: %s in %s
[23:14:55] [Client thread/WARN]: ResourcePack: ignored non-lowercase namespace: %s in %s
[23:14:56] [Sound Library Loader/INFO]: Sound engine started
[23:14:58] [Client thread/INFO]: Created: 512x256 textures/blocks-atlas
[23:14:59] [Client thread/INFO]: Created: 256x256 textures/items-atlas
[23:14:59] [Client thread/INFO]: Reloading ResourceManager: Default, FMLFileResourcePack:Forge Mod Loader, FMLFileResourcePack:Minecraft Forge, FMLFileResourcePack:BoomPlus, FMLFileResourcePack:Ores+
[23:14:59] [Client thread/WARN]: ResourcePack: ignored non-lowercase namespace: %s in %s
[23:14:59] [Client thread/WARN]: ResourcePack: ignored non-lowercase namespace: %s in %s
[23:14:59] [Client thread/INFO]: Created: 512x256 textures/blocks-atlas
[23:15:00] [Client thread/INFO]: Created: 256x256 textures/items-atlas
[23:15:01] [Sound Library Loader/INFO]: Sound engine started
[23:15:05] [Server thread/INFO]: Starting integrated minecraft server version 1.7.10
[23:15:05] [Server thread/INFO]: Generating keypair
[23:15:05] [Server thread/INFO]: Preparing start region for level 0
[23:15:06] [Server thread/INFO]: Preparing spawn area: 59%
[23:15:07] [Server thread/INFO]: Changing view distance to 12, from 10
[23:15:08] [Server thread/INFO]: Player897[local:E:caeac8f4] logged in with entity id 20 at (-1053.1106490139637, 65.0, -533.653329995286)
[23:15:08] [Server thread/INFO]: Player897 joined the game
[23:15:09] [Server thread/INFO]: Player897 has just earned the achievement [Coolness]
[23:15:09] [Client thread/INFO]: [CHAT] Player897 has just earned the achievement [Coolness]
[23:15:47] [Server thread/INFO]: Player897 has just earned the achievement [Taking Inventory]
[23:15:47] [Client thread/INFO]: [CHAT] Player897 has just earned the achievement [Taking Inventory]
[23:18:14] [Server thread/INFO]: Saving and pausing game...
[23:18:14] [Server thread/INFO]: Saving chunks for level 'New World'/Overworld
[23:18:14] [Server thread/INFO]: Saving chunks for level 'New World'/Nether
[23:18:14] [Server thread/INFO]: Saving chunks for level 'New World'/The End
[23:22:06] [Server thread/INFO]: Stopping server
[23:22:06] [Server thread/INFO]: Saving players
[23:22:06] [Server thread/INFO]: Saving worlds
[23:22:06] [Server thread/INFO]: Saving chunks for level 'New World'/Overworld
[23:22:06] [Server thread/INFO]: Saving chunks for level 'New World'/Nether
[23:22:06] [Server thread/INFO]: Saving chunks for level 'New World'/The End
[23:22:07] [Client thread/INFO]: Stopping!
