[15:15:02] [main/INFO]: Setting user: Player40
[15:15:03] [Client thread/INFO]: LWJGL Version: 2.9.1
[15:15:07] [Client thread/INFO]: Reloading ResourceManager: Default, FMLFileResourcePack:Forge Mod Loader, FMLFileResourcePack:Minecraft Forge, FMLFileResourcePack:TestEnvironmentMod
[15:15:07] [Client thread/WARN]: ResourcePack: ignored non-lowercase namespace: %s in %s
[15:15:07] [Client thread/WARN]: ResourcePack: ignored non-lowercase namespace: %s in %s
[15:15:07] [Client thread/WARN]: ResourcePack: ignored non-lowercase namespace: %s in %s
[15:15:08] [Sound Library Loader/INFO]: Sound engine started
[15:15:09] [Client thread/INFO]: Created: 512x256 textures/blocks-atlas
[15:15:09] [Client thread/INFO]: Created: 256x256 textures/items-atlas
[15:15:09] [Client thread/INFO]: Reloading ResourceManager: Default, FMLFileResourcePack:Forge Mod Loader, FMLFileResourcePack:Minecraft Forge, FMLFileResourcePack:TestEnvironmentMod
[15:15:09] [Client thread/WARN]: ResourcePack: ignored non-lowercase namespace: %s in %s
[15:15:09] [Client thread/WARN]: ResourcePack: ignored non-lowercase namespace: %s in %s
[15:15:09] [Client thread/WARN]: ResourcePack: ignored non-lowercase namespace: %s in %s
[15:15:10] [Client thread/INFO]: Created: 256x256 textures/items-atlas
[15:15:10] [Client thread/INFO]: Created: 512x256 textures/blocks-atlas
[15:15:11] [Sound Library Loader/INFO]: Sound engine started
[15:16:39] [Server thread/INFO]: Starting integrated minecraft server version 1.7.10
[15:16:39] [Server thread/INFO]: Generating keypair
[15:16:39] [Server thread/INFO]: Converting map!
[15:16:39] [Server thread/INFO]: Scanning folders...
[15:16:39] [Server thread/INFO]: Total conversion count is 0
[15:16:40] [Server thread/INFO]: Preparing start region for level 0
[15:16:41] [Server thread/INFO]: Preparing spawn area: 7%
[15:16:43] [Server thread/INFO]: Preparing spawn area: 8%
[15:16:46] [Server thread/INFO]: Preparing spawn area: 8%
[15:16:48] [Server thread/INFO]: Preparing spawn area: 8%
[15:16:51] [Server thread/INFO]: Preparing spawn area: 8%
[15:16:54] [Server thread/INFO]: Preparing spawn area: 9%
[15:16:57] [Server thread/INFO]: Preparing spawn area: 9%
[15:16:59] [Server thread/INFO]: Preparing spawn area: 9%
[15:17:03] [Server thread/INFO]: Preparing spawn area: 9%
[15:17:07] [Server thread/INFO]: Preparing spawn area: 9%
[15:17:08] [Server thread/INFO]: Preparing spawn area: 9%
[15:17:11] [Server thread/INFO]: Preparing spawn area: 10%
[15:17:14] [Server thread/INFO]: Preparing spawn area: 10%
[15:17:16] [Server thread/INFO]: Preparing spawn area: 10%
[15:17:18] [Server thread/INFO]: Preparing spawn area: 10%
[15:17:21] [Server thread/INFO]: Preparing spawn area: 10%
[15:17:23] [Server thread/INFO]: Preparing spawn area: 11%
[15:17:26] [Server thread/INFO]: Preparing spawn area: 11%
[15:17:28] [Server thread/INFO]: Preparing spawn area: 11%
[15:17:30] [Server thread/INFO]: Preparing spawn area: 11%
[15:17:32] [Server thread/INFO]: Preparing spawn area: 11%
[15:17:34] [Server thread/INFO]: Preparing spawn area: 11%
[15:17:37] [Server thread/INFO]: Preparing spawn area: 12%
[15:17:40] [Server thread/INFO]: Preparing spawn area: 12%
[15:17:44] [Server thread/INFO]: Preparing spawn area: 12%
[15:17:47] [Server thread/INFO]: Preparing spawn area: 12%
[15:17:54] [Server thread/INFO]: Preparing spawn area: 12%
[15:17:59] [Server thread/INFO]: Preparing spawn area: 13%
[15:18:01] [Server thread/INFO]: Preparing spawn area: 13%
[15:18:05] [Server thread/INFO]: Preparing spawn area: 13%
[15:18:08] [Server thread/INFO]: Preparing spawn area: 13%
[15:18:11] [Server thread/INFO]: Preparing spawn area: 13%
[15:18:12] [Server thread/INFO]: Preparing spawn area: 13%
[15:18:15] [Server thread/INFO]: Preparing spawn area: 14%
[15:18:17] [Server thread/INFO]: Preparing spawn area: 14%
[15:18:21] [Server thread/INFO]: Preparing spawn area: 14%
[15:18:23] [Server thread/INFO]: Preparing spawn area: 14%
[15:18:26] [Server thread/INFO]: Preparing spawn area: 14%
[15:18:28] [Server thread/INFO]: Preparing spawn area: 14%
[15:18:32] [Server thread/INFO]: Preparing spawn area: 15%
[15:18:39] [Server thread/INFO]: Preparing spawn area: 15%
[15:18:42] [Server thread/INFO]: Preparing spawn area: 15%
[15:18:45] [Server thread/INFO]: Preparing spawn area: 15%
[15:18:48] [Server thread/INFO]: Preparing spawn area: 15%
[15:18:50] [Server thread/INFO]: Preparing spawn area: 15%
[15:18:53] [Server thread/INFO]: Preparing spawn area: 16%
[15:18:54] [Server thread/INFO]: Preparing spawn area: 16%
[15:18:57] [Server thread/INFO]: Preparing spawn area: 16%
[15:19:01] [Server thread/INFO]: Preparing spawn area: 16%
[15:19:03] [Server thread/INFO]: Preparing spawn area: 16%
[15:19:06] [Server thread/INFO]: Preparing spawn area: 17%
[15:19:10] [Server thread/INFO]: Preparing spawn area: 17%
[15:19:18] [Server thread/INFO]: Preparing spawn area: 17%
[15:19:20] [Server thread/INFO]: Preparing spawn area: 17%
[15:19:25] [Server thread/INFO]: Preparing spawn area: 17%
[15:19:27] [Server thread/INFO]: Preparing spawn area: 17%
[15:19:29] [Server thread/INFO]: Preparing spawn area: 18%
[15:19:32] [Server thread/INFO]: Preparing spawn area: 18%
[15:19:34] [Server thread/INFO]: Preparing spawn area: 18%
[15:19:37] [Server thread/INFO]: Preparing spawn area: 18%
[15:19:40] [Server thread/INFO]: Preparing spawn area: 18%
[15:19:43] [Server thread/INFO]: Preparing spawn area: 18%
[15:19:49] [Server thread/INFO]: Preparing spawn area: 19%
[15:19:54] [Server thread/INFO]: Preparing spawn area: 19%
[15:19:58] [Server thread/INFO]: Preparing spawn area: 19%
[15:20:01] [Server thread/INFO]: Preparing spawn area: 19%
[15:20:05] [Server thread/INFO]: Preparing spawn area: 19%
[15:20:08] [Server thread/INFO]: Preparing spawn area: 19%
[15:20:11] [Server thread/INFO]: Preparing spawn area: 20%
[15:20:16] [Server thread/INFO]: Preparing spawn area: 20%
[15:20:24] [Server thread/INFO]: Preparing spawn area: 20%
[15:20:27] [Server thread/INFO]: Preparing spawn area: 20%
[15:20:30] [Server thread/INFO]: Preparing spawn area: 20%
[15:20:33] [Server thread/INFO]: Preparing spawn area: 21%
[15:20:36] [Server thread/INFO]: Preparing spawn area: 21%
[15:20:39] [Server thread/INFO]: Preparing spawn area: 21%
[15:20:41] [Server thread/INFO]: Preparing spawn area: 21%
[15:20:44] [Server thread/INFO]: Preparing spawn area: 21%
[15:20:48] [Server thread/INFO]: Preparing spawn area: 21%
[15:20:52] [Server thread/INFO]: Preparing spawn area: 22%
[15:20:55] [Server thread/INFO]: Preparing spawn area: 22%
[15:20:58] [Server thread/INFO]: Preparing spawn area: 22%
[15:21:01] [Server thread/INFO]: Preparing spawn area: 22%
[15:21:03] [Server thread/INFO]: Preparing spawn area: 22%
[15:21:06] [Server thread/INFO]: Preparing spawn area: 23%
[15:21:08] [Server thread/INFO]: Preparing spawn area: 23%
[15:21:13] [Server thread/INFO]: Preparing spawn area: 23%
[15:21:15] [Server thread/INFO]: Preparing spawn area: 23%
[15:21:18] [Server thread/INFO]: Preparing spawn area: 23%
[15:21:20] [Server thread/INFO]: Preparing spawn area: 23%
[15:21:22] [Server thread/INFO]: Preparing spawn area: 24%
[15:21:24] [Server thread/INFO]: Preparing spawn area: 24%
[15:21:32] [Server thread/INFO]: Preparing spawn area: 24%
[15:21:35] [Server thread/INFO]: Preparing spawn area: 24%
[15:21:39] [Server thread/INFO]: Preparing spawn area: 24%
[15:21:41] [Server thread/INFO]: Preparing spawn area: 25%
[15:21:45] [Server thread/INFO]: Preparing spawn area: 25%
[15:21:47] [Server thread/INFO]: Preparing spawn area: 25%
[15:21:49] [Server thread/INFO]: Preparing spawn area: 25%
[15:21:52] [Server thread/INFO]: Preparing spawn area: 25%
[15:21:54] [Server thread/INFO]: Preparing spawn area: 25%
[15:21:57] [Server thread/INFO]: Preparing spawn area: 26%
[15:22:00] [Server thread/INFO]: Preparing spawn area: 26%
[15:22:02] [Server thread/INFO]: Preparing spawn area: 26%
[15:22:11] [Server thread/INFO]: Preparing spawn area: 26%
[15:22:14] [Server thread/INFO]: Preparing spawn area: 26%
[15:22:17] [Server thread/INFO]: Preparing spawn area: 26%
[15:22:22] [Server thread/INFO]: Preparing spawn area: 27%
[15:22:23] [Server thread/INFO]: Preparing spawn area: 27%
[15:22:25] [Server thread/INFO]: Preparing spawn area: 27%
[15:22:28] [Server thread/INFO]: Preparing spawn area: 27%
[15:22:30] [Server thread/INFO]: Preparing spawn area: 27%
[15:22:33] [Server thread/INFO]: Preparing spawn area: 27%
[15:22:40] [Server thread/INFO]: Preparing spawn area: 28%
[15:22:44] [Server thread/INFO]: Preparing spawn area: 28%
[15:22:50] [Server thread/INFO]: Preparing spawn area: 28%
[15:22:52] [Server thread/INFO]: Preparing spawn area: 28%
[15:22:56] [Server thread/INFO]: Preparing spawn area: 28%
[15:22:58] [Server thread/INFO]: Preparing spawn area: 29%
[15:22:59] [Server thread/INFO]: Preparing spawn area: 29%
[15:23:02] [Server thread/INFO]: Preparing spawn area: 29%
[15:23:05] [Server thread/INFO]: Preparing spawn area: 29%
[15:23:10] [Server thread/INFO]: Preparing spawn area: 29%
[15:23:12] [Server thread/INFO]: Preparing spawn area: 29%
[15:23:18] [Server thread/INFO]: Preparing spawn area: 30%
[15:23:20] [Server thread/INFO]: Preparing spawn area: 30%
[15:23:23] [Server thread/INFO]: Preparing spawn area: 30%
[15:23:27] [Server thread/INFO]: Preparing spawn area: 30%
[15:23:28] [Server thread/INFO]: Preparing spawn area: 30%
[15:23:32] [Server thread/INFO]: Preparing spawn area: 30%
[15:23:35] [Server thread/INFO]: Preparing spawn area: 31%
[15:23:37] [Server thread/INFO]: Preparing spawn area: 31%
[15:23:41] [Server thread/INFO]: Preparing spawn area: 31%
[15:23:45] [Server thread/INFO]: Preparing spawn area: 31%
[15:23:53] [Server thread/INFO]: Preparing spawn area: 31%
[15:23:56] [Server thread/INFO]: Preparing spawn area: 31%
[15:24:01] [Server thread/INFO]: Preparing spawn area: 32%
[15:24:03] [Server thread/INFO]: Preparing spawn area: 32%
[15:24:06] [Server thread/INFO]: Preparing spawn area: 32%
[15:24:09] [Server thread/INFO]: Preparing spawn area: 32%
[15:24:12] [Server thread/INFO]: Preparing spawn area: 32%
[15:24:14] [Server thread/INFO]: Preparing spawn area: 33%
[15:24:16] [Server thread/INFO]: Preparing spawn area: 33%
[15:24:19] [Server thread/INFO]: Preparing spawn area: 33%
[15:24:23] [Server thread/INFO]: Preparing spawn area: 33%
[15:24:30] [Server thread/INFO]: Preparing spawn area: 33%
[15:24:35] [Server thread/INFO]: Preparing spawn area: 33%
[15:24:39] [Server thread/INFO]: Preparing spawn area: 34%
[15:24:42] [Server thread/INFO]: Preparing spawn area: 34%
[15:24:44] [Server thread/INFO]: Preparing spawn area: 34%
[15:24:49] [Server thread/INFO]: Preparing spawn area: 34%
[15:24:53] [Server thread/INFO]: Preparing spawn area: 34%
[15:24:55] [Server thread/INFO]: Preparing spawn area: 34%
[15:24:56] [Server thread/INFO]: Preparing spawn area: 35%
